  -- Install configuration: "Debug"
  -- Installing: C:/Program Files/EQEmu/bin/shared_memory.exe
  -- Installing: C:/Program Files/EQEmu/bin/world.exe
  -- Installing: C:/Program Files/EQEmu/bin/zone.exe
  -- Installing: C:/Program Files/EQEmu/bin/ucs.exe
  -- Installing: C:/Program Files/EQEmu/bin/queryserv.exe
  -- Installing: C:/Program Files/EQEmu/bin/eqlaunch.exe
  -- Installing: C:/Program Files/EQEmu/bin/loginserver.exe
  CMake Error at loginserver/cmake_install.cmake:40 (file):
    file INSTALL cannot copy file
    "D:/Source/neweq/build/bin/Debug/loginserver.exe" to "C:/Program
    Files/EQEmu/bin/loginserver.exe".
  Call Stack (most recent call first):
    cmake_install.cmake:40 (include)
  
  
C:\Program Files (x86)\Microsoft Visual Studio\2017\Community\Common7\IDE\VC\VCTargets\Microsoft.CppCommon.targets(133,5): error MSB3073: 命令“setlocal
C:\Program Files (x86)\Microsoft Visual Studio\2017\Community\Common7\IDE\VC\VCTargets\Microsoft.CppCommon.targets(133,5): error MSB3073: "C:\Program Files\CMake\bin\cmake.exe" -DBUILD_TYPE=Debug -P cmake_install.cmake
C:\Program Files (x86)\Microsoft Visual Studio\2017\Community\Common7\IDE\VC\VCTargets\Microsoft.CppCommon.targets(133,5): error MSB3073: if %errorlevel% neq 0 goto :cmEnd
C:\Program Files (x86)\Microsoft Visual Studio\2017\Community\Common7\IDE\VC\VCTargets\Microsoft.CppCommon.targets(133,5): error MSB3073: :cmEnd
C:\Program Files (x86)\Microsoft Visual Studio\2017\Community\Common7\IDE\VC\VCTargets\Microsoft.CppCommon.targets(133,5): error MSB3073: endlocal & call :cmErrorLevel %errorlevel% & goto :cmDone
C:\Program Files (x86)\Microsoft Visual Studio\2017\Community\Common7\IDE\VC\VCTargets\Microsoft.CppCommon.targets(133,5): error MSB3073: :cmErrorLevel
C:\Program Files (x86)\Microsoft Visual Studio\2017\Community\Common7\IDE\VC\VCTargets\Microsoft.CppCommon.targets(133,5): error MSB3073: exit /b %1
C:\Program Files (x86)\Microsoft Visual Studio\2017\Community\Common7\IDE\VC\VCTargets\Microsoft.CppCommon.targets(133,5): error MSB3073: :cmDone
C:\Program Files (x86)\Microsoft Visual Studio\2017\Community\Common7\IDE\VC\VCTargets\Microsoft.CppCommon.targets(133,5): error MSB3073: if %errorlevel% neq 0 goto :VCEnd
C:\Program Files (x86)\Microsoft Visual Studio\2017\Community\Common7\IDE\VC\VCTargets\Microsoft.CppCommon.targets(133,5): error MSB3073: :VCEnd”已退出，代码为 1。
